Using pre-set license
Built from '2020.3/staging' branch; Version is '2020.3.16f1 (049d6eca3c44) revision 302446'; Using compiler version '192528614'; Build Type 'Release'
OS: 'Windows 10 Home; OS build 19041.1165; Version 2004; 64bit' Language: 'en' Physical Memory: 24370 MB
BatchMode: 1, IsHumanControllingUs: 0, StartBugReporterOnCrash: 0, Is64bit: 1, IsPro: 0

 COMMAND LINE ARGUMENTS:
D:\__class stuff__\__Work Programs__\Unity\INSTALS\Unity\Editor\Unity.exe
-adb2
-batchMode
-noUpm
-name
AssetImportWorker0
-projectPath
D:/__class stuff__/__Work Programs__/GitHub/Citadel
-logFile
Logs/AssetImportWorker0.log
-srvPort
56569
Successfully changed project path to: D:/__class stuff__/__Work Programs__/GitHub/Citadel
D:/__class stuff__/__Work Programs__/GitHub/Citadel
Using Asset Import Pipeline V2.
Refreshing native plugins compatible for Editor in 0.18 ms, found 0 plugins.
Preloading 0 native plugins for Editor in 0.00 ms.
Initialize engine version: 2020.3.16f1 (049d6eca3c44)
[Subsystems] Discovering subsystems at path D:/__class stuff__/__Work Programs__/Unity/INSTALS/Unity/Editor/Data/Resources/UnitySubsystems
[Subsystems] Discovering subsystems at path D:/__class stuff__/__Work Programs__/GitHub/Citadel/Assets
GfxDevice: creating device client; threaded=0
Direct3D:
    Version:  Direct3D 11.0 [level 11.1]
    Renderer: NVIDIA GeForce GTX 1060 with Max-Q Design (ID=0x1c20)
    Vendor:   
    VRAM:     6052 MB
    Driver:   27.21.14.5771
Initialize mono
Mono path[0] = 'D:/__class stuff__/__Work Programs__/Unity/INSTALS/Unity/Editor/Data/Managed'
Mono path[1] = 'D:/__class stuff__/__Work Programs__/Unity/INSTALS/Unity/Editor/Data/MonoBleedingEdge/lib/mono/unityjit'
Mono config path = 'D:/__class stuff__/__Work Programs__/Unity/INSTALS/Unity/Editor/Data/MonoBleedingEdge/etc'
Using monoOptions --debugger-agent=transport=dt_socket,embedding=1,server=y,suspend=n,address=127.0.0.1:56628
Begin MonoManager ReloadAssembly
Registering precompiled unity dll's ...
Register platform support module: D:/__class stuff__/__Work Programs__/Unity/INSTALS/Unity/Editor/Data/PlaybackEngines/WindowsStandaloneSupport/UnityEditor.WindowsStandalone.Extensions.dll
Registered in 0.001716 seconds.
Native extension for WindowsStandalone target not found
Refreshing native plugins compatible for Editor in 0.16 ms, found 0 plugins.
Preloading 0 native plugins for Editor in 0.00 ms.
Mono: successfully reloaded assembly
- Completed reload, in  1.654 seconds
Domain Reload Profiling:
	ReloadAssembly (1654ms)
		BeginReloadAssembly (90ms)
			ExecutionOrderSort (0ms)
			DisableScriptedObjects (0ms)
			BackupInstance (0ms)
			ReleaseScriptingObjects (0ms)
			CreateAndSetChildDomain (1ms)
		EndReloadAssembly (524ms)
			LoadAssemblies (90ms)
			RebuildTransferFunctionScriptingTraits (0ms)
			SetupTypeCache (192ms)
			ReleaseScriptCaches (0ms)
			RebuildScriptCaches (43ms)
			SetupLoadedEditorAssemblies (180ms)
				LogAssemblyErrors (0ms)
				InitializePlatformSupportModulesInManaged (5ms)
				SetLoadedEditorAssemblies (0ms)
				RefreshPlugins (0ms)
				BeforeProcessingInitializeOnLoad (23ms)
				ProcessInitializeOnLoadAttributes (115ms)
				ProcessInitializeOnLoadMethodAttributes (36ms)
				AfterProcessingInitializeOnLoad (0ms)
				EditorAssembliesLoaded (0ms)
			ExecutionOrderSort2 (0ms)
			AwakeInstancesAfterBackupRestoration (0ms)
Platform modules already initialized, skipping
Registering precompiled user dll's ...
Registered in 0.000009 seconds.
Begin MonoManager ReloadAssembly
Native extension for WindowsStandalone target not found
Refreshing native plugins compatible for Editor in 0.01 ms, found 0 plugins.
Preloading 0 native plugins for Editor in 0.00 ms.
Mono: successfully reloaded assembly
- Completed reload, in  0.996 seconds
Domain Reload Profiling:
	ReloadAssembly (997ms)
		BeginReloadAssembly (218ms)
			ExecutionOrderSort (0ms)
			DisableScriptedObjects (6ms)
			BackupInstance (0ms)
			ReleaseScriptingObjects (0ms)
			CreateAndSetChildDomain (22ms)
		EndReloadAssembly (707ms)
			LoadAssemblies (94ms)
			RebuildTransferFunctionScriptingTraits (0ms)
			SetupTypeCache (202ms)
			ReleaseScriptCaches (0ms)
			RebuildScriptCaches (34ms)
			SetupLoadedEditorAssemblies (267ms)
				LogAssemblyErrors (0ms)
				InitializePlatformSupportModulesInManaged (6ms)
				SetLoadedEditorAssemblies (1ms)
				RefreshPlugins (0ms)
				BeforeProcessingInitializeOnLoad (104ms)
				ProcessInitializeOnLoadAttributes (146ms)
				ProcessInitializeOnLoadMethodAttributes (6ms)
				AfterProcessingInitializeOnLoad (4ms)
				EditorAssembliesLoaded (0ms)
			ExecutionOrderSort2 (0ms)
			AwakeInstancesAfterBackupRestoration (12ms)
Platform modules already initialized, skipping
========================================================================
Worker process is ready to serve import requests
Launched and connected shader compiler UnityShaderCompiler.exe after 0.80 seconds
Refreshing native plugins compatible for Editor in 0.01 ms, found 0 plugins.
Preloading 0 native plugins for Editor in 0.00 ms.
Unloading 6 Unused Serialized files (Serialized files now loaded: 0)
System memory in use before: 24.1 MB.
System memory in use after: 24.1 MB.

Unloading 2 unused Assets to reduce memory usage. Loaded Objects now: 445.
Total: 2.748600 ms (FindLiveObjects: 0.045500 ms CreateObjectMapping: 0.004500 ms MarkObjects: 2.629200 ms  DeleteObjects: 0.068200 ms)

AssetImportParameters requested are different than current active one (requested -> active):
  custom:framework-win-MediaFoundation: 216162199b28c13a410421893ffa2e32 -> 
  custom:video-decoder-ogg-theora: a1e56fd34408186e4bbccfd4996cb3dc -> 
  custom:container-muxer-webm: aa71ff27fc2769a1b78a27578f13a17b -> 
  custom:container-demuxer-webm: 4f35f7cbe854078d1ac9338744f61a02 -> 
  custom:container-demuxer-ogg: 62fdf1f143b41e24485cea50d1cbac27 -> 
  custom:video-encoder-webm-vp8: eb34c28f22e8b96e1ab97ce403110664 -> 
  custom:video-codec-MediaFoundation-h265: 746d11721c4dcdbdad8f713fa42b33f4 -> 
  custom:video-decoder-webm-vp8: 9c59270c3fd7afecdb556c50c9e8de78 -> 
  custom:audio-decoder-ogg-vorbis: bf7c407c2cedff20999df2af8eb42d56 -> 
  custom:audio-encoder-webm-vorbis: bf7c407c2cedff20999df2af8eb42d56 -> 
========================================================================
Received Import Request.
  path: Assets/Scenes/MovementTestScene.unity
  artifactKey: Guid(a06afcabd6390074e849b2fe70028d04) Importer(815301076,1909f56bfc062723c751e8b465ee728b)
Start importing Assets/Scenes/MovementTestScene.unity using Guid(a06afcabd6390074e849b2fe70028d04) Importer(815301076,1909f56bfc062723c751e8b465ee728b)  -> (artifact id: '89683dbff6ed223ef75178f6f2800a2c') in 0.041169 seconds 
  Import took 0.041626 seconds .

========================================================================
Received Import Request.
  Time since last request: 3465.414232 seconds.
  path: Assets/Scripts
  artifactKey: Guid(764ebfab23329364fb53bdbea2640e29) Importer(815301076,1909f56bfc062723c751e8b465ee728b)
Start importing Assets/Scripts using Guid(764ebfab23329364fb53bdbea2640e29) Importer(815301076,1909f56bfc062723c751e8b465ee728b)  -> (artifact id: '9ad8b9acca1eb47064fa5d7d39a4593d') in 0.002476 seconds 
  Import took 0.003023 seconds .

========================================================================
Received Import Request.
  Time since last request: 180.866655 seconds.
  path: Assets/Scenes/HunterScene.unity
  artifactKey: Guid(a06afcabd6390074e849b2fe70028d04) Importer(815301076,1909f56bfc062723c751e8b465ee728b)
Start importing Assets/Scenes/HunterScene.unity using Guid(a06afcabd6390074e849b2fe70028d04) Importer(815301076,1909f56bfc062723c751e8b465ee728b)  -> (artifact id: '947207b60bdd9b3f71af5b67b8b88fd6') in 0.002722 seconds 
  Import took 0.003095 seconds .

========================================================================
Received Import Request.
  Time since last request: 3.677497 seconds.
  path: Assets/Scenes/HunterScene.unity
  artifactKey: Guid(a06afcabd6390074e849b2fe70028d04) Importer(815301076,1909f56bfc062723c751e8b465ee728b)
Start importing Assets/Scenes/HunterScene.unity using Guid(a06afcabd6390074e849b2fe70028d04) Importer(815301076,1909f56bfc062723c751e8b465ee728b)  -> (artifact id: '28d581f8029a25efe771993f27ad791b') in 0.002238 seconds 
  Import took 0.002543 seconds .

========================================================================
Received Prepare
Trying to reload asset but can't find object on disk

Registering precompiled user dll's ...
Registered in 0.000004 seconds.
Begin MonoManager ReloadAssembly
Native extension for WindowsStandalone target not found
Refreshing native plugins compatible for Editor in 0.02 ms, found 0 plugins.
Preloading 0 native plugins for Editor in 0.00 ms.
Mono: successfully reloaded assembly
- Completed reload, in  1.068 seconds
Domain Reload Profiling:
	ReloadAssembly (1069ms)
		BeginReloadAssembly (205ms)
			ExecutionOrderSort (0ms)
			DisableScriptedObjects (9ms)
			BackupInstance (0ms)
			ReleaseScriptingObjects (0ms)
			CreateAndSetChildDomain (50ms)
		EndReloadAssembly (774ms)
			LoadAssemblies (114ms)
			RebuildTransferFunctionScriptingTraits (0ms)
			SetupTypeCache (260ms)
			ReleaseScriptCaches (0ms)
			RebuildScriptCaches (42ms)
			SetupLoadedEditorAssemblies (253ms)
				LogAssemblyErrors (0ms)
				InitializePlatformSupportModulesInManaged (7ms)
				SetLoadedEditorAssemblies (1ms)
				RefreshPlugins (0ms)
				BeforeProcessingInitializeOnLoad (104ms)
				ProcessInitializeOnLoadAttributes (133ms)
				ProcessInitializeOnLoadMethodAttributes (5ms)
				AfterProcessingInitializeOnLoad (3ms)
				EditorAssembliesLoaded (0ms)
			ExecutionOrderSort2 (0ms)
			AwakeInstancesAfterBackupRestoration (8ms)
Platform modules already initialized, skipping
Refreshing native plugins compatible for Editor in 0.01 ms, found 0 plugins.
Preloading 0 native plugins for Editor in 0.00 ms.
Unloading 4 Unused Serialized files (Serialized files now loaded: 0)
System memory in use before: 24.1 MB.
System memory in use after: 24.1 MB.

Unloading 0 unused Assets to reduce memory usage. Loaded Objects now: 448.
Total: 2.221700 ms (FindLiveObjects: 0.041700 ms CreateObjectMapping: 0.003600 ms MarkObjects: 2.170700 ms  DeleteObjects: 0.004600 ms)

AssetImportParameters requested are different than current active one (requested -> active):
  custom:framework-win-MediaFoundation: 216162199b28c13a410421893ffa2e32 -> 
  custom:video-decoder-ogg-theora: a1e56fd34408186e4bbccfd4996cb3dc -> 
  custom:container-muxer-webm: aa71ff27fc2769a1b78a27578f13a17b -> 
  custom:container-demuxer-webm: 4f35f7cbe854078d1ac9338744f61a02 -> 
  custom:container-demuxer-ogg: 62fdf1f143b41e24485cea50d1cbac27 -> 
  custom:video-encoder-webm-vp8: eb34c28f22e8b96e1ab97ce403110664 -> 
  custom:video-codec-MediaFoundation-h265: 746d11721c4dcdbdad8f713fa42b33f4 -> 
  custom:video-decoder-webm-vp8: 9c59270c3fd7afecdb556c50c9e8de78 -> 
  custom:audio-decoder-ogg-vorbis: bf7c407c2cedff20999df2af8eb42d56 -> 
  custom:audio-encoder-webm-vorbis: bf7c407c2cedff20999df2af8eb42d56 -> 
========================================================================
Received Import Request.
  Time since last request: 1391.601144 seconds.
  path: Assets/Scripts/Unit.cs
  artifactKey: Guid(d9fbdb1df0cab704eba49a8cb21d7bf5) Importer(815301076,1909f56bfc062723c751e8b465ee728b)
Start importing Assets/Scripts/Unit.cs using Guid(d9fbdb1df0cab704eba49a8cb21d7bf5) Importer(815301076,1909f56bfc062723c751e8b465ee728b)  -> (artifact id: 'f3b11de744a343c410049b39dfebfccd') in 0.027260 seconds 
  Import took 0.027754 seconds .

========================================================================
Received Import Request.
  Time since last request: 0.020172 seconds.
  path: Assets/Scripts/Unit.cs
  artifactKey: Guid(d9fbdb1df0cab704eba49a8cb21d7bf5) Importer(815301076,1909f56bfc062723c751e8b465ee728b)
Start importing Assets/Scripts/Unit.cs using Guid(d9fbdb1df0cab704eba49a8cb21d7bf5) Importer(815301076,1909f56bfc062723c751e8b465ee728b)  -> (artifact id: 'f3b11de744a343c410049b39dfebfccd') in 0.002596 seconds 
  Import took 0.002970 seconds .

========================================================================
Received Import Request.
  Time since last request: 8.778889 seconds.
  path: Assets/Scripts/Player.cs
  artifactKey: Guid(bab5b1c800e967e40bb5417b637118fa) Importer(815301076,1909f56bfc062723c751e8b465ee728b)
Start importing Assets/Scripts/Player.cs using Guid(bab5b1c800e967e40bb5417b637118fa) Importer(815301076,1909f56bfc062723c751e8b465ee728b)  -> (artifact id: 'd5111a69f3ce6f0678605f6ab92bb239') in 0.003233 seconds 
  Import took 0.003917 seconds .

========================================================================
Received Import Request.
  Time since last request: 0.001519 seconds.
  path: Assets/Scripts/Player.cs
  artifactKey: Guid(bab5b1c800e967e40bb5417b637118fa) Importer(815301076,1909f56bfc062723c751e8b465ee728b)
Start importing Assets/Scripts/Player.cs using Guid(bab5b1c800e967e40bb5417b637118fa) Importer(815301076,1909f56bfc062723c751e8b465ee728b)  -> (artifact id: 'd5111a69f3ce6f0678605f6ab92bb239') in 0.003873 seconds 
  Import took 0.004507 seconds .

========================================================================
Received Import Request.
  Time since last request: 1.056246 seconds.
  path: Assets/Scripts/Enemy.cs
  artifactKey: Guid(ae21ed89447fb9042ac4df2bb89063f1) Importer(815301076,1909f56bfc062723c751e8b465ee728b)
Start importing Assets/Scripts/Enemy.cs using Guid(ae21ed89447fb9042ac4df2bb89063f1) Importer(815301076,1909f56bfc062723c751e8b465ee728b)  -> (artifact id: 'a78691f0118e6f7b6e2ba552cbaa8bf6') in 0.002997 seconds 
  Import took 0.003358 seconds .

========================================================================
Received Prepare
Trying to reload asset but can't find object on disk

Registering precompiled user dll's ...
Registered in 0.000004 seconds.
Begin MonoManager ReloadAssembly
Native extension for WindowsStandalone target not found
Refreshing native plugins compatible for Editor in 0.01 ms, found 0 plugins.
Preloading 0 native plugins for Editor in 0.00 ms.
Mono: successfully reloaded assembly
- Completed reload, in  0.975 seconds
Domain Reload Profiling:
	ReloadAssembly (975ms)
		BeginReloadAssembly (160ms)
			ExecutionOrderSort (0ms)
			DisableScriptedObjects (7ms)
			BackupInstance (0ms)
			ReleaseScriptingObjects (0ms)
			CreateAndSetChildDomain (29ms)
		EndReloadAssembly (732ms)
			LoadAssemblies (98ms)
			RebuildTransferFunctionScriptingTraits (0ms)
			SetupTypeCache (230ms)
			ReleaseScriptCaches (0ms)
			RebuildScriptCaches (54ms)
			SetupLoadedEditorAssemblies (242ms)
				LogAssemblyErrors (0ms)
				InitializePlatformSupportModulesInManaged (6ms)
				SetLoadedEditorAssemblies (1ms)
				RefreshPlugins (0ms)
				BeforeProcessingInitializeOnLoad (101ms)
				ProcessInitializeOnLoadAttributes (125ms)
				ProcessInitializeOnLoadMethodAttributes (5ms)
				AfterProcessingInitializeOnLoad (3ms)
				EditorAssembliesLoaded (0ms)
			ExecutionOrderSort2 (0ms)
			AwakeInstancesAfterBackupRestoration (8ms)
Platform modules already initialized, skipping
Refreshing native plugins compatible for Editor in 0.01 ms, found 0 plugins.
Preloading 0 native plugins for Editor in 0.00 ms.
Unloading 4 Unused Serialized files (Serialized files now loaded: 0)
System memory in use before: 24.1 MB.
System memory in use after: 24.1 MB.

Unloading 0 unused Assets to reduce memory usage. Loaded Objects now: 448.
Total: 2.194300 ms (FindLiveObjects: 0.042500 ms CreateObjectMapping: 0.003500 ms MarkObjects: 2.142800 ms  DeleteObjects: 0.004200 ms)

AssetImportParameters requested are different than current active one (requested -> active):
  custom:framework-win-MediaFoundation: 216162199b28c13a410421893ffa2e32 -> 
  custom:video-decoder-ogg-theora: a1e56fd34408186e4bbccfd4996cb3dc -> 
  custom:container-muxer-webm: aa71ff27fc2769a1b78a27578f13a17b -> 
  custom:container-demuxer-webm: 4f35f7cbe854078d1ac9338744f61a02 -> 
  custom:container-demuxer-ogg: 62fdf1f143b41e24485cea50d1cbac27 -> 
  custom:video-encoder-webm-vp8: eb34c28f22e8b96e1ab97ce403110664 -> 
  custom:video-codec-MediaFoundation-h265: 746d11721c4dcdbdad8f713fa42b33f4 -> 
  custom:video-decoder-webm-vp8: 9c59270c3fd7afecdb556c50c9e8de78 -> 
  custom:audio-decoder-ogg-vorbis: bf7c407c2cedff20999df2af8eb42d56 -> 
  custom:audio-encoder-webm-vorbis: bf7c407c2cedff20999df2af8eb42d56 -> 
========================================================================
Received Import Request.
  Time since last request: 1477.891249 seconds.
  path: Assets/Scripts/Unit.cs
  artifactKey: Guid(d9fbdb1df0cab704eba49a8cb21d7bf5) Importer(815301076,1909f56bfc062723c751e8b465ee728b)
Start importing Assets/Scripts/Unit.cs using Guid(d9fbdb1df0cab704eba49a8cb21d7bf5) Importer(815301076,1909f56bfc062723c751e8b465ee728b)  -> (artifact id: '431ef8bd591a82f3356dedd9608a0c14') in 0.004687 seconds 
  Import took 0.005154 seconds .

========================================================================
Received Import Request.
  Time since last request: 0.005143 seconds.
  path: Assets/Scripts/Unit.cs
  artifactKey: Guid(d9fbdb1df0cab704eba49a8cb21d7bf5) Importer(815301076,1909f56bfc062723c751e8b465ee728b)
Start importing Assets/Scripts/Unit.cs using Guid(d9fbdb1df0cab704eba49a8cb21d7bf5) Importer(815301076,1909f56bfc062723c751e8b465ee728b)  -> (artifact id: '431ef8bd591a82f3356dedd9608a0c14') in 0.004072 seconds 
  Import took 0.004695 seconds .

